<?xml version="1.0" encoding="UTF-8"?>
<testng-results skipped="0" failed="0" ignored="0" total="1" passed="1">
  <reporter-output>
  </reporter-output>
  <suite name="Default suite" duration-ms="16152" started-at="2019-12-12T02:46:46Z" finished-at="2019-12-12T02:47:03Z">
    <groups>
    </groups>
    <test name="Default test" duration-ms="16152" started-at="2019-12-12T02:46:46Z" finished-at="2019-12-12T02:47:03Z">
      <class name="com.testcases.Tc_01_CreateNewUser">
        <test-method status="PASS" signature="beforeSuite()[pri:0, instance:com.testcases.Tc_01_CreateNewUser@4883b407]" name="beforeSuite" is-config="true" duration-ms="1686" started-at="2019-12-12T02:46:45Z" finished-at="2019-12-12T02:46:46Z">
          <reporter-output>
          </reporter-output>
        </test-method> <!-- beforeSuite -->
        <test-method status="PASS" signature="beforeMethod(java.lang.reflect.Method)[pri:0, instance:com.testcases.Tc_01_CreateNewUser@4883b407]" name="beforeMethod" is-config="true" duration-ms="11179" started-at="2019-12-12T02:46:47Z" finished-at="2019-12-12T02:46:58Z">
          <params>
            <param index="0">
              <value>
                <![CDATA[public static void com.testcases.Tc_01_CreateNewUser.Tc_01_CreateNewUser()]]>
              </value>
            </param>
          </params>
          <reporter-output>
          </reporter-output>
        </test-method> <!-- beforeMethod -->
        <test-method status="PASS" signature="Tc_01_CreateNewUser()[pri:0, instance:com.testcases.Tc_01_CreateNewUser@4883b407]" name="Tc_01_CreateNewUser" duration-ms="2528" started-at="2019-12-12T02:46:58Z" finished-at="2019-12-12T02:47:00Z">
          <reporter-output>
          </reporter-output>
        </test-method> <!-- Tc_01_CreateNewUser -->
        <test-method status="PASS" signature="afterMethod()[pri:0, instance:com.testcases.Tc_01_CreateNewUser@4883b407]" name="afterMethod" is-config="true" duration-ms="2394" started-at="2019-12-12T02:47:00Z" finished-at="2019-12-12T02:47:03Z">
          <reporter-output>
          </reporter-output>
        </test-method> <!-- afterMethod -->
        <test-method status="PASS" signature="afterSuite()[pri:0, instance:com.testcases.Tc_01_CreateNewUser@4883b407]" name="afterSuite" is-config="true" duration-ms="789" started-at="2019-12-12T02:47:03Z" finished-at="2019-12-12T02:47:03Z">
          <reporter-output>
          </reporter-output>
        </test-method> <!-- afterSuite -->
      </class> <!-- com.testcases.Tc_01_CreateNewUser -->
    </test> <!-- Default test -->
  </suite> <!-- Default suite -->
</testng-results>
